Generation started at 2:31:04 AM, 2025-03-25.
Running WebWorks ePublisher Designer version 2024.1.4577.0.
Using base format version 2024.1.
Pre-flighting pipeline stages.
Pre-flighting pipeline stages.
Document conversion in progress...
Initializing file information
Initializing file information
Document conversion in progress...
Updating documents.
Updating documents.
Applying settings to 'zeenea-intro.md', 1 of 3.
Applying settings to 'zeenea-intro.md', 1 of 3.
Updating documents.
Preparing 'zeenea-intro.md', 1 of 3.
Preparing 'zeenea-intro.md', 1 of 3.
Updating documents.
Applying settings to 'zeenea-concepts-and-definitions.md', 2 of 3.
Applying settings to 'zeenea-concepts-and-definitions.md', 2 of 3.
Updating documents.
Preparing 'zeenea-concepts-and-definitions.md', 2 of 3.
Preparing 'zeenea-concepts-and-definitions.md', 2 of 3.
Updating documents.
Applying settings to 'zeenea-supported-browsers.md', 3 of 3.
Applying settings to 'zeenea-supported-browsers.md', 3 of 3.
Updating documents.
Preparing 'zeenea-supported-browsers.md', 3 of 3.
Preparing 'zeenea-supported-browsers.md', 3 of 3.
Updating documents.
Document conversion in progress...
Generating output
Generating output
Processing pipeline 'Locale', 1 of 33.
Processing pipeline 'CompanyInfo', 2 of 33.
Processing pipeline 'CSS', 3 of 33.
Processing pipeline 'DocumentBehaviors', 4 of 33.
Processing pipeline 'DocumentSplits', 5 of 33.
Processing pipeline 'Behaviors', 6 of 33.
Processing pipeline 'Baggage', 7 of 33.
Processing pipeline 'ImageTypes', 8 of 33.
Processing pipeline 'SASS', 9 of 33.
Executing command 'C:\Program Files\WebWorks\ePublisher\2024.1\Helpers\python\python.exe' with arguments ' "C:\Program Files\WebWorks\ePublisher\2024.1\Helpers\python\WebWorks\compile_sass.py" "C:\Users\bpandey\AppData\Local\Temp\WebWorks\Temp.18024\connect.scss" "C:\Users\bpandey\AppData\Local\Temp\WebWorks\ePublisher\v-TtFe_3Ovd1cw\Data\UTti3rMGVbk\css\connect.css"'.
Executing command 'C:\Program Files\WebWorks\ePublisher\2024.1\Helpers\python\python.exe' with arguments ' "C:\Program Files\WebWorks\ePublisher\2024.1\Helpers\python\WebWorks\compile_sass.py" "C:\Users\bpandey\AppData\Local\Temp\WebWorks\Temp.18024\menu_initial_closed.scss" "C:\Users\bpandey\AppData\Local\Temp\WebWorks\ePublisher\v-TtFe_3Ovd1cw\Data\UTti3rMGVbk\css\menu_initial_closed.css"'.
Executing command 'C:\Program Files\WebWorks\ePublisher\2024.1\Helpers\python\python.exe' with arguments ' "C:\Program Files\WebWorks\ePublisher\2024.1\Helpers\python\WebWorks\compile_sass.py" "C:\Users\bpandey\AppData\Local\Temp\WebWorks\Temp.18024\menu_initial_open.scss" "C:\Users\bpandey\AppData\Local\Temp\WebWorks\ePublisher\v-TtFe_3Ovd1cw\Data\UTti3rMGVbk\css\menu_initial_open.css"'.
Executing command 'C:\Program Files\WebWorks\ePublisher\2024.1\Helpers\python\python.exe' with arguments ' "C:\Program Files\WebWorks\ePublisher\2024.1\Helpers\python\WebWorks\compile_sass.py" "C:\Users\bpandey\AppData\Local\Temp\WebWorks\Temp.18024\print.scss" "C:\Users\bpandey\AppData\Local\Temp\WebWorks\ePublisher\v-TtFe_3Ovd1cw\Data\UTti3rMGVbk\css\print.css"'.
Executing command 'C:\Program Files\WebWorks\ePublisher\2024.1\Helpers\python\python.exe' with arguments ' "C:\Program Files\WebWorks\ePublisher\2024.1\Helpers\python\WebWorks\compile_sass.py" "C:\Users\bpandey\AppData\Local\Temp\WebWorks\Temp.18024\search.scss" "C:\Users\bpandey\AppData\Local\Temp\WebWorks\ePublisher\v-TtFe_3Ovd1cw\Data\UTti3rMGVbk\css\search.css"'.
Executing command 'C:\Program Files\WebWorks\ePublisher\2024.1\Helpers\python\python.exe' with arguments ' "C:\Program Files\WebWorks\ePublisher\2024.1\Helpers\python\WebWorks\compile_sass.py" "C:\Users\bpandey\AppData\Local\Temp\WebWorks\Temp.18024\skin.scss" "C:\Users\bpandey\AppData\Local\Temp\WebWorks\ePublisher\v-TtFe_3Ovd1cw\Data\UTti3rMGVbk\css\skin.css"'.
Executing command 'C:\Program Files\WebWorks\ePublisher\2024.1\Helpers\python\python.exe' with arguments ' "C:\Program Files\WebWorks\ePublisher\2024.1\Helpers\python\WebWorks\compile_sass.py" "C:\Users\bpandey\AppData\Local\Temp\WebWorks\Temp.18024\social.scss" "C:\Users\bpandey\AppData\Local\Temp\WebWorks\ePublisher\v-TtFe_3Ovd1cw\Data\UTti3rMGVbk\css\social.css"'.
Executing command 'C:\Program Files\WebWorks\ePublisher\2024.1\Helpers\python\python.exe' with arguments ' "C:\Program Files\WebWorks\ePublisher\2024.1\Helpers\python\WebWorks\compile_sass.py" "C:\Users\bpandey\AppData\Local\Temp\WebWorks\Temp.18024\webworks.scss" "C:\Users\bpandey\AppData\Local\Temp\WebWorks\ePublisher\v-TtFe_3Ovd1cw\Data\UTti3rMGVbk\css\webworks.css"'.
Processing pipeline 'Splits', 10 of 33.
Processing pipeline 'Copy', 11 of 33.
Processing pipeline 'Segment', 12 of 33.
Processing pipeline 'Links', 13 of 33.
Processing pipeline 'Variables', 14 of 33.
Processing pipeline 'Splash', 15 of 33.
Processing pipeline 'NotFound', 16 of 33.
Processing pipeline 'TOC', 17 of 33.
Processing pipeline 'Index', 18 of 33.
Processing pipeline 'Styles', 19 of 33.
Processing pipeline 'Image', 20 of 33.
Processing pipeline 'PDF', 21 of 33.
Processing pipeline 'Page', 22 of 33.
Processing pipeline 'Connect', 23 of 33.
Processing pipeline 'Search', 24 of 33.
Processing pipeline 'URL-Maps', 25 of 33.
Processing pipeline 'Report-Styles', 26 of 33.
Report 'Report-Styles' for group 'Zeenea' contains 0 errors and 0 warnings.
Report 'Report-Styles' for group 'Getting Started' contains 0 errors and 0 warnings.
Processing pipeline 'Report-Links', 27 of 33.
Report 'Report-Links' for group 'Zeenea' contains 0 errors and 0 warnings.
[WARN] Report 'Report-Links' for group 'Getting Started' contains 0 errors and 3 warnings.
Processing pipeline 'Report-Accessibility', 28 of 33.
Processing pipeline 'Report-Filenames', 29 of 33.
Report 'Report-Filenames' for group 'Zeenea' contains 0 errors and 0 warnings.
Report 'Report-Filenames' for group 'Getting Started' contains 0 errors and 0 warnings.
Processing pipeline 'Report-Topics', 30 of 33.
Report 'Report-Topics' for group 'Zeenea' contains 0 errors and 0 warnings.
Report 'Report-Topics' for group 'Getting Started' contains 0 errors and 0 warnings.
Processing pipeline 'Report-Images', 31 of 33.
Report 'Report-Images' for group 'Zeenea' contains 0 errors and 0 warnings.
Report 'Report-Images' for group 'Getting Started' contains 0 errors and 0 warnings.
Processing pipeline 'Report-Conditions', 32 of 33.
Processing pipeline 'Report-Baggage-Files', 33 of 33.
Report 'Report-Baggage-Files' for group 'Zeenea' contains 0 errors and 0 warnings.
Report 'Report-Baggage-Files' for group 'Getting Started' contains 0 errors and 0 warnings.
Document conversion in progress...
Generating output
Generating output
Document conversion in progress...
Generation finished at 2:32:28 AM, 2025-03-25.
Total time: 00:01:23.
