Generation started at 5:14:43 AM, 2025-03-25.
Running WebWorks ePublisher Designer version 2024.1.4577.0.
Using base format version 2024.1.
Pre-flighting pipeline stages.
Pre-flighting pipeline stages.
Document conversion in progress...
Initializing file information
Initializing file information
Document conversion in progress...
Updating documents.
Updating documents.
Applying settings to 'zeenea-public-apis.md', 1 of 7.
Applying settings to 'zeenea-public-apis.md', 1 of 7.
Updating documents.
Preparing 'zeenea-public-apis.md', 1 of 7.
Preparing 'zeenea-public-apis.md', 1 of 7.
Updating documents.
Applying settings to 'zeenea-audit-trail-apis.md', 2 of 7.
Applying settings to 'zeenea-audit-trail-apis.md', 2 of 7.
Updating documents.
Preparing 'zeenea-audit-trail-apis.md', 2 of 7.
Preparing 'zeenea-audit-trail-apis.md', 2 of 7.
Updating documents.
Applying settings to 'zeenea-catalog-api-v2.md', 3 of 7.
Applying settings to 'zeenea-catalog-api-v2.md', 3 of 7.
Updating documents.
Preparing 'zeenea-catalog-api-v2.md', 3 of 7.
Preparing 'zeenea-catalog-api-v2.md', 3 of 7.
Updating documents.
Applying settings to 'zeenea-catalog-design-api.md', 4 of 7.
Applying settings to 'zeenea-catalog-design-api.md', 4 of 7.
Updating documents.
Preparing 'zeenea-catalog-design-api.md', 4 of 7.
Preparing 'zeenea-catalog-design-api.md', 4 of 7.
Updating documents.
Applying settings to 'zeenea-graphql-api-v2-limitations.md', 5 of 7.
Applying settings to 'zeenea-graphql-api-v2-limitations.md', 5 of 7.
[ABORT]
