Generation started at 11:53:27 AM, 2025-06-11.
Running WebWorks ePublisher Express version 2024.1.4577.0.
Using base format version 2024.1.
[WARN] Skipping generation for 'C:\Users\bpandey\zeenea.doc\enus\source\Connectors\zeenea-connector-oracle ebusiness-suite.md', file not found.
Pre-flighting pipeline stages.
Pre-flighting pipeline stages.
Document conversion in progress...
Initializing file information
Initializing file information
Document conversion in progress...
Updating documents.
Updating documents.
Applying settings to 'zeenea-intro.md', 1 of 177.
Applying settings to 'zeenea-intro.md', 1 of 177.
Updating documents.
Preparing 'zeenea-intro.md', 1 of 177.
Preparing 'zeenea-intro.md', 1 of 177.
Updating documents.
Applying settings to 'zeenea-and-you.md', 2 of 177.
Applying settings to 'zeenea-and-you.md', 2 of 177.
Updating documents.
Preparing 'zeenea-and-you.md', 2 of 177.
Preparing 'zeenea-and-you.md', 2 of 177.
Updating documents.
Applying settings to 'zeenea-roadmap.md', 3 of 177.
Applying settings to 'zeenea-roadmap.md', 3 of 177.
Updating documents.
Preparing 'zeenea-roadmap.md', 3 of 177.
Preparing 'zeenea-roadmap.md', 3 of 177.
Updating documents.
Applying settings to 'zeenea-supported-browsers.md', 4 of 177.
Applying settings to 'zeenea-supported-browsers.md', 4 of 177.
Updating documents.
Preparing 'zeenea-supported-browsers.md', 4 of 177.
Preparing 'zeenea-supported-browsers.md', 4 of 177.
Updating documents.
Applying settings to 'copyright.md', 5 of 177.
Applying settings to 'copyright.md', 5 of 177.
Updating documents.
Preparing 'copyright.md', 5 of 177.
Preparing 'copyright.md', 5 of 177.
Updating documents.
Applying settings to 'know-zeenea.md', 6 of 177.
Applying settings to 'know-zeenea.md', 6 of 177.
Updating documents.
Preparing 'know-zeenea.md', 6 of 177.
Preparing 'know-zeenea.md', 6 of 177.
Updating documents.
Applying settings to 'zeenea-definitions.md', 7 of 177.
Applying settings to 'zeenea-definitions.md', 7 of 177.
Updating documents.
Preparing 'zeenea-definitions.md', 7 of 177.
Preparing 'zeenea-definitions.md', 7 of 177.
Updating documents.
Applying settings to 'your-first-steps.md', 8 of 177.
Applying settings to 'your-first-steps.md', 8 of 177.
Updating documents.
Preparing 'your-first-steps.md', 8 of 177.
Preparing 'your-first-steps.md', 8 of 177.
Updating documents.
Applying settings to 'zeenea-superadmin.md', 9 of 177.
Applying settings to 'zeenea-superadmin.md', 9 of 177.
Updating documents.
Preparing 'zeenea-superadmin.md', 9 of 177.
Preparing 'zeenea-superadmin.md', 9 of 177.
Updating documents.
Applying settings to 'zeenea-data-steward.md', 10 of 177.
Applying settings to 'zeenea-data-steward.md', 10 of 177.
Updating documents.
Preparing 'zeenea-data-steward.md', 10 of 177.
Preparing 'zeenea-data-steward.md', 10 of 177.
Updating documents.
Applying settings to 'zeenea-data-explorer.md', 11 of 177.
Applying settings to 'zeenea-data-explorer.md', 11 of 177.
Updating documents.
Preparing 'zeenea-data-explorer.md', 11 of 177.
Preparing 'zeenea-data-explorer.md', 11 of 177.
Updating documents.
Applying settings to 'zeenea-administration.md', 12 of 177.
Applying settings to 'zeenea-administration.md', 12 of 177.
Updating documents.
Preparing 'zeenea-administration.md', 12 of 177.
Preparing 'zeenea-administration.md', 12 of 177.
Updating documents.
Applying settings to 'zeenea-managing-users.md', 13 of 177.
Applying settings to 'zeenea-managing-users.md', 13 of 177.
Updating documents.
Preparing 'zeenea-managing-users.md', 13 of 177.
Preparing 'zeenea-managing-users.md', 13 of 177.
Updating documents.
Applying settings to 'zeenea-managing-groups.md', 14 of 177.
Applying settings to 'zeenea-managing-groups.md', 14 of 177.
Updating documents.
Preparing 'zeenea-managing-groups.md', 14 of 177.
Preparing 'zeenea-managing-groups.md', 14 of 177.
Updating documents.
Applying settings to 'zeenea-managing-catalogs.md', 15 of 177.
Applying settings to 'zeenea-managing-catalogs.md', 15 of 177.
Updating documents.
Preparing 'zeenea-managing-catalogs.md', 15 of 177.
Preparing 'zeenea-managing-catalogs.md', 15 of 177.
Updating documents.
Applying settings to 'zeenea-managing-scanners.md', 16 of 177.
Applying settings to 'zeenea-managing-scanners.md', 16 of 177.
Updating documents.
Preparing 'zeenea-managing-scanners.md', 16 of 177.
Preparing 'zeenea-managing-scanners.md', 16 of 177.
Updating documents.
Applying settings to 'zeenea-managing-connections.md', 17 of 177.
Applying settings to 'zeenea-managing-connections.md', 17 of 177.
Updating documents.
Preparing 'zeenea-managing-connections.md', 17 of 177.
Preparing 'zeenea-managing-connections.md', 17 of 177.
Updating documents.
Applying settings to 'zeenea-managing-api-keys.md', 18 of 177.
Applying settings to 'zeenea-managing-api-keys.md', 18 of 177.
Updating documents.
Preparing 'zeenea-managing-api-keys.md', 18 of 177.
Preparing 'zeenea-managing-api-keys.md', 18 of 177.
Updating documents.
Applying settings to 'zeenea-maintenance-mode.md', 19 of 177.
Applying settings to 'zeenea-maintenance-mode.md', 19 of 177.
Updating documents.
Preparing 'zeenea-maintenance-mode.md', 19 of 177.
Preparing 'zeenea-maintenance-mode.md', 19 of 177.
Updating documents.
Applying settings to 'zeenea-studio.md', 20 of 177.
Applying settings to 'zeenea-studio.md', 20 of 177.
Updating documents.
Preparing 'zeenea-studio.md', 20 of 177.
Preparing 'zeenea-studio.md', 20 of 177.
Updating documents.
Applying settings to 'zeenea-studio-overview.md', 21 of 177.
Applying settings to 'zeenea-studio-overview.md', 21 of 177.
Updating documents.
Preparing 'zeenea-studio-overview.md', 21 of 177.
Preparing 'zeenea-studio-overview.md', 21 of 177.
Updating documents.
Applying settings to 'catalog-design.md', 22 of 177.
Applying settings to 'catalog-design.md', 22 of 177.
Updating documents.
Preparing 'catalog-design.md', 22 of 177.
Preparing 'catalog-design.md', 22 of 177.
Updating documents.
Applying settings to 'zeenea-configuring-templates.md', 23 of 177.
Applying settings to 'zeenea-configuring-templates.md', 23 of 177.
Updating documents.
Preparing 'zeenea-configuring-templates.md', 23 of 177.
Preparing 'zeenea-configuring-templates.md', 23 of 177.
Updating documents.
Applying settings to 'zeenea-studio-create-delete-custom-item.md', 24 of 177.
Applying settings to 'zeenea-studio-create-delete-custom-item.md', 24 of 177.
Updating documents.
Preparing 'zeenea-studio-create-delete-custom-item.md', 24 of 177.
Preparing 'zeenea-studio-create-delete-custom-item.md', 24 of 177.
Updating documents.
Applying settings to 'zeenea-studio-create-edit-delete-property.md', 25 of 177.
Applying settings to 'zeenea-studio-create-edit-delete-property.md', 25 of 177.
Updating documents.
Preparing 'zeenea-studio-create-edit-delete-property.md', 25 of 177.
Preparing 'zeenea-studio-create-edit-delete-property.md', 25 of 177.
Updating documents.
Applying settings to 'zeenea-studio-create-delete-responsibility.md', 26 of 177.
Applying settings to 'zeenea-studio-create-delete-responsibility.md', 26 of 177.
Updating documents.
Preparing 'zeenea-studio-create-delete-responsibility.md', 26 of 177.
Preparing 'zeenea-studio-create-delete-responsibility.md', 26 of 177.
Updating documents.
Applying settings to 'zeenea-studio-configure-glossary-model.md', 27 of 177.
Applying settings to 'zeenea-studio-configure-glossary-model.md', 27 of 177.
Updating documents.
Preparing 'zeenea-studio-configure-glossary-model.md', 27 of 177.
Preparing 'zeenea-studio-configure-glossary-model.md', 27 of 177.
Updating documents.
Applying settings to 'zeenea-add-input-output-types.md', 28 of 177.
Applying settings to 'zeenea-add-input-output-types.md', 28 of 177.
Updating documents.
Preparing 'zeenea-add-input-output-types.md', 28 of 177.
Preparing 'zeenea-add-input-output-types.md', 28 of 177.
Updating documents.
Applying settings to 'zeenea-custom-item-best-practices.md', 29 of 177.
Applying settings to 'zeenea-custom-item-best-practices.md', 29 of 177.
Updating documents.
Preparing 'zeenea-custom-item-best-practices.md', 29 of 177.
Preparing 'zeenea-custom-item-best-practices.md', 29 of 177.
Updating documents.
Applying settings to 'stewardship.md', 30 of 177.
Applying settings to 'stewardship.md', 30 of 177.
Updating documents.
Preparing 'stewardship.md', 30 of 177.
Preparing 'stewardship.md', 30 of 177.
Updating documents.
Applying settings to 'zeenea-dashboard-widgets.md', 31 of 177.
Applying settings to 'zeenea-dashboard-widgets.md', 31 of 177.
Updating documents.
Preparing 'zeenea-dashboard-widgets.md', 31 of 177.
Preparing 'zeenea-dashboard-widgets.md', 31 of 177.
Updating documents.
Applying settings to 'zeenea-studio-search.md', 32 of 177.
Applying settings to 'zeenea-studio-search.md', 32 of 177.
Updating documents.
Preparing 'zeenea-studio-search.md', 32 of 177.
Preparing 'zeenea-studio-search.md', 32 of 177.
Updating documents.
Applying settings to 'zeenea-importing-datasets-or-visualizations.md', 33 of 177.
Applying settings to 'zeenea-importing-datasets-or-visualizations.md', 33 of 177.
Updating documents.
Preparing 'zeenea-importing-datasets-or-visualizations.md', 33 of 177.
Preparing 'zeenea-importing-datasets-or-visualizations.md', 33 of 177.
Updating documents.
Applying settings to 'zeenea-item-documentation.md', 34 of 177.
Applying settings to 'zeenea-item-documentation.md', 34 of 177.
Updating documents.
Preparing 'zeenea-item-documentation.md', 34 of 177.
Preparing 'zeenea-item-documentation.md', 34 of 177.
Updating documents.
Applying settings to 'zeenea-studio-create-delete-item.md', 35 of 177.
Applying settings to 'zeenea-studio-create-delete-item.md', 35 of 177.
Updating documents.
Preparing 'zeenea-studio-create-delete-item.md', 35 of 177.
Preparing 'zeenea-studio-create-delete-item.md', 35 of 177.
Updating documents.
Applying settings to 'zeenea-studio-create-delete-data-process.md', 36 of 177.
Applying settings to 'zeenea-studio-create-delete-data-process.md', 36 of 177.
Updating documents.
Preparing 'zeenea-studio-create-delete-data-process.md', 36 of 177.
Preparing 'zeenea-studio-create-delete-data-process.md', 36 of 177.
Updating documents.
Applying settings to 'zeenea-studio-create-edit-delete-topic.md', 37 of 177.
Applying settings to 'zeenea-studio-create-edit-delete-topic.md', 37 of 177.
Updating documents.
Preparing 'zeenea-studio-create-edit-delete-topic.md', 37 of 177.
Preparing 'zeenea-studio-create-edit-delete-topic.md', 37 of 177.
Updating documents.
Applying settings to 'zeenea-watchlist.md', 38 of 177.
Applying settings to 'zeenea-watchlist.md', 38 of 177.
Updating documents.
Preparing 'zeenea-watchlist.md', 38 of 177.
Preparing 'zeenea-watchlist.md', 38 of 177.
Updating documents.
Applying settings to 'zeenea-editing-items-in-bulk.md', 39 of 177.
Applying settings to 'zeenea-editing-items-in-bulk.md', 39 of 177.
Updating documents.
Preparing 'zeenea-editing-items-in-bulk.md', 39 of 177.
Preparing 'zeenea-editing-items-in-bulk.md', 39 of 177.
Updating documents.
Applying settings to 'zeenea-add-remove-item-contacts.md', 40 of 177.
Applying settings to 'zeenea-add-remove-item-contacts.md', 40 of 177.
Updating documents.
Preparing 'zeenea-add-remove-item-contacts.md', 40 of 177.
Preparing 'zeenea-add-remove-item-contacts.md', 40 of 177.
Updating documents.
Applying settings to 'zeenea-curators.md', 41 of 177.
Applying settings to 'zeenea-curators.md', 41 of 177.
Updating documents.
Preparing 'zeenea-curators.md', 41 of 177.
Preparing 'zeenea-curators.md', 41 of 177.
Updating documents.
Applying settings to 'zeenea-identification-keys.md', 42 of 177.
Applying settings to 'zeenea-identification-keys.md', 42 of 177.
Updating documents.
Preparing 'zeenea-identification-keys.md', 42 of 177.
Preparing 'zeenea-identification-keys.md', 42 of 177.
Updating documents.
Applying settings to 'zeenea-understanding-keys.md', 43 of 177.
Applying settings to 'zeenea-understanding-keys.md', 43 of 177.
Updating documents.
Preparing 'zeenea-understanding-keys.md', 43 of 177.
Preparing 'zeenea-understanding-keys.md', 43 of 177.
Updating documents.
Applying settings to 'zeenea-doc-completion-level.md', 44 of 177.
Applying settings to 'zeenea-doc-completion-level.md', 44 of 177.
Updating documents.
Preparing 'zeenea-doc-completion-level.md', 44 of 177.
Preparing 'zeenea-doc-completion-level.md', 44 of 177.
Updating documents.
Applying settings to 'zeenea-studio-search-export.md', 45 of 177.
Applying settings to 'zeenea-studio-search-export.md', 45 of 177.
Updating documents.
Preparing 'zeenea-studio-search-export.md', 45 of 177.
Preparing 'zeenea-studio-search-export.md', 45 of 177.
Updating documents.
Applying settings to 'zeenea-studio-import.md', 46 of 177.
Applying settings to 'zeenea-studio-import.md', 46 of 177.
Updating documents.
Preparing 'zeenea-studio-import.md', 46 of 177.
Preparing 'zeenea-studio-import.md', 46 of 177.
Updating documents.
Applying settings to 'zeenea-identifying-orphan-datasets.md', 47 of 177.
Applying settings to 'zeenea-identifying-orphan-datasets.md', 47 of 177.
Updating documents.
Preparing 'zeenea-identifying-orphan-datasets.md', 47 of 177.
Preparing 'zeenea-identifying-orphan-datasets.md', 47 of 177.
Updating documents.
Applying settings to 'zeenea-personal-data.md', 48 of 177.
Applying settings to 'zeenea-personal-data.md', 48 of 177.
Updating documents.
Preparing 'zeenea-personal-data.md', 48 of 177.
Preparing 'zeenea-personal-data.md', 48 of 177.
Updating documents.
Applying settings to 'zeenea-notifications.md', 49 of 177.
Applying settings to 'zeenea-notifications.md', 49 of 177.
Updating documents.
Preparing 'zeenea-notifications.md', 49 of 177.
Preparing 'zeenea-notifications.md', 49 of 177.
Updating documents.
Applying settings to 'zeenea-discussion-threads.md', 50 of 177.
Applying settings to 'zeenea-discussion-threads.md', 50 of 177.
Updating documents.
Preparing 'zeenea-discussion-threads.md', 50 of 177.
Preparing 'zeenea-discussion-threads.md', 50 of 177.
Updating documents.
Applying settings to 'zeenea-data-catalog-item-updates.md', 51 of 177.
Applying settings to 'zeenea-data-catalog-item-updates.md', 51 of 177.
Updating documents.
Preparing 'zeenea-data-catalog-item-updates.md', 51 of 177.
Preparing 'zeenea-data-catalog-item-updates.md', 51 of 177.
Updating documents.
Applying settings to 'zeenea-analytics-dashboard.md', 52 of 177.
Applying settings to 'zeenea-analytics-dashboard.md', 52 of 177.
Updating documents.
Preparing 'zeenea-analytics-dashboard.md', 52 of 177.
Preparing 'zeenea-analytics-dashboard.md', 52 of 177.
Updating documents.
Applying settings to 'zeenea-explorer.md', 53 of 177.
Applying settings to 'zeenea-explorer.md', 53 of 177.
Updating documents.
Preparing 'zeenea-explorer.md', 53 of 177.
Preparing 'zeenea-explorer.md', 53 of 177.
Updating documents.
Applying settings to 'zeenea-explorer-overview.md', 54 of 177.
Applying settings to 'zeenea-explorer-overview.md', 54 of 177.
Updating documents.
Preparing 'zeenea-explorer-overview.md', 54 of 177.
Preparing 'zeenea-explorer-overview.md', 54 of 177.
Updating documents.
Applying settings to 'zeenea-explorer-search.md', 55 of 177.
Applying settings to 'zeenea-explorer-search.md', 55 of 177.
Updating documents.
Preparing 'zeenea-explorer-search.md', 55 of 177.
Preparing 'zeenea-explorer-search.md', 55 of 177.
Updating documents.
Applying settings to 'zeenea-searching-topics.md', 56 of 177.
Applying settings to 'zeenea-searching-topics.md', 56 of 177.
Updating documents.
Preparing 'zeenea-searching-topics.md', 56 of 177.
Preparing 'zeenea-searching-topics.md', 56 of 177.
Updating documents.
Applying settings to 'zeenea-item-details-pages.md', 57 of 177.
Applying settings to 'zeenea-item-details-pages.md', 57 of 177.
Updating documents.
Preparing 'zeenea-item-details-pages.md', 57 of 177.
Preparing 'zeenea-item-details-pages.md', 57 of 177.
Updating documents.
Applying settings to 'zeenea-submit-suggestion.md', 58 of 177.
Applying settings to 'zeenea-submit-suggestion.md', 58 of 177.
Updating documents.
Preparing 'zeenea-submit-suggestion.md', 58 of 177.
Preparing 'zeenea-submit-suggestion.md', 58 of 177.
Updating documents.
Applying settings to 'zeenea-explorer-export-search-results.md', 59 of 177.
Applying settings to 'zeenea-explorer-export-search-results.md', 59 of 177.
Updating documents.
Preparing 'zeenea-explorer-export-search-results.md', 59 of 177.
Preparing 'zeenea-explorer-export-search-results.md', 59 of 177.
Updating documents.
Applying settings to 'cross-application-features.md', 60 of 177.
Applying settings to 'cross-application-features.md', 60 of 177.
Updating documents.
Preparing 'cross-application-features.md', 60 of 177.
Preparing 'cross-application-features.md', 60 of 177.
Updating documents.
Applying settings to 'zeenea-data-lineage.md', 61 of 177.
Applying settings to 'zeenea-data-lineage.md', 61 of 177.
Updating documents.
Preparing 'zeenea-data-lineage.md', 61 of 177.
Preparing 'zeenea-data-lineage.md', 61 of 177.
Updating documents.
Applying settings to 'zeenea-data-sampling.md', 62 of 177.
Applying settings to 'zeenea-data-sampling.md', 62 of 177.
Updating documents.
Preparing 'zeenea-data-sampling.md', 62 of 177.
Preparing 'zeenea-data-sampling.md', 62 of 177.
Updating documents.
Applying settings to 'zeenea-data-profiling.md', 63 of 177.
Applying settings to 'zeenea-data-profiling.md', 63 of 177.
Updating documents.
Preparing 'zeenea-data-profiling.md', 63 of 177.
Preparing 'zeenea-data-profiling.md', 63 of 177.
Updating documents.
Applying settings to 'zeenea-glossary-hierarchy.md', 64 of 177.
Applying settings to 'zeenea-glossary-hierarchy.md', 64 of 177.
Updating documents.
Preparing 'zeenea-glossary-hierarchy.md', 64 of 177.
Preparing 'zeenea-glossary-hierarchy.md', 64 of 177.
Updating documents.
Applying settings to 'zeenea-view-360-diagram.md', 65 of 177.
Applying settings to 'zeenea-view-360-diagram.md', 65 of 177.
Updating documents.
Preparing 'zeenea-view-360-diagram.md', 65 of 177.
Preparing 'zeenea-view-360-diagram.md', 65 of 177.
Updating documents.
Applying settings to 'zeenea-access-requests.md', 66 of 177.
Applying settings to 'zeenea-access-requests.md', 66 of 177.
Updating documents.
Preparing 'zeenea-access-requests.md', 66 of 177.
Preparing 'zeenea-access-requests.md', 66 of 177.
Updating documents.
Applying settings to 'zeenea-synchronization.md', 67 of 177.
Applying settings to 'zeenea-synchronization.md', 67 of 177.
Updating documents.
Preparing 'zeenea-synchronization.md', 67 of 177.
Preparing 'zeenea-synchronization.md', 67 of 177.
Updating documents.
Applying settings to 'zeenea-query-language.md', 68 of 177.
Applying settings to 'zeenea-query-language.md', 68 of 177.
Updating documents.
Preparing 'zeenea-query-language.md', 68 of 177.
Preparing 'zeenea-query-language.md', 68 of 177.
Updating documents.
Applying settings to 'zeenea-microsoft-teams.md', 69 of 177.
Applying settings to 'zeenea-microsoft-teams.md', 69 of 177.
Updating documents.
Preparing 'zeenea-microsoft-teams.md', 69 of 177.
Preparing 'zeenea-microsoft-teams.md', 69 of 177.
Updating documents.
Applying settings to 'federated-catalog.md', 70 of 177.
Applying settings to 'federated-catalog.md', 70 of 177.
Updating documents.
Preparing 'federated-catalog.md', 70 of 177.
Preparing 'federated-catalog.md', 70 of 177.
Updating documents.
Applying settings to 'zeenea-federated-catalog-intro.md', 71 of 177.
Applying settings to 'zeenea-federated-catalog-intro.md', 71 of 177.
Updating documents.
Preparing 'zeenea-federated-catalog-intro.md', 71 of 177.
Preparing 'zeenea-federated-catalog-intro.md', 71 of 177.
Updating documents.
Applying settings to 'zeenea-federated-catalog-building.md', 72 of 177.
Applying settings to 'zeenea-federated-catalog-building.md', 72 of 177.
Updating documents.
Preparing 'zeenea-federated-catalog-building.md', 72 of 177.
Preparing 'zeenea-federated-catalog-building.md', 72 of 177.
Updating documents.
Applying settings to 'zeenea-searching-federated-catalog.md', 73 of 177.
Applying settings to 'zeenea-searching-federated-catalog.md', 73 of 177.
Updating documents.
Preparing 'zeenea-searching-federated-catalog.md', 73 of 177.
Preparing 'zeenea-searching-federated-catalog.md', 73 of 177.
Updating documents.
Applying settings to 'scanners.md', 74 of 177.
Applying settings to 'scanners.md', 74 of 177.
Updating documents.
Preparing 'scanners.md', 74 of 177.
Preparing 'scanners.md', 74 of 177.
Updating documents.
Applying settings to 'zeenea-scanner-setup.md', 75 of 177.
Applying settings to 'zeenea-scanner-setup.md', 75 of 177.
Updating documents.
Preparing 'zeenea-scanner-setup.md', 75 of 177.
Preparing 'zeenea-scanner-setup.md', 75 of 177.
Updating documents.
Applying settings to 'zeenea-scanner-docker.md', 76 of 177.
Applying settings to 'zeenea-scanner-docker.md', 76 of 177.
Updating documents.
Preparing 'zeenea-scanner-docker.md', 76 of 177.
Preparing 'zeenea-scanner-docker.md', 76 of 177.
Updating documents.
Applying settings to 'zeenea-filters.md', 77 of 177.
Applying settings to 'zeenea-filters.md', 77 of 177.
Updating documents.
Preparing 'zeenea-filters.md', 77 of 177.
Preparing 'zeenea-filters.md', 77 of 177.
Updating documents.
Applying settings to 'zeenea-configure-hook.md', 78 of 177.
Applying settings to 'zeenea-configure-hook.md', 78 of 177.
Updating documents.
Preparing 'zeenea-configure-hook.md', 78 of 177.
Preparing 'zeenea-configure-hook.md', 78 of 177.
Updating documents.
Applying settings to 'zeenea-silwood-safyr.md', 79 of 177.
Applying settings to 'zeenea-silwood-safyr.md', 79 of 177.
Updating documents.
Preparing 'zeenea-silwood-safyr.md', 79 of 177.
Preparing 'zeenea-silwood-safyr.md', 79 of 177.
Updating documents.
Applying settings to 'zeenea-troubleshooting.md', 80 of 177.
Applying settings to 'zeenea-troubleshooting.md', 80 of 177.
Updating documents.
Preparing 'zeenea-troubleshooting.md', 80 of 177.
Preparing 'zeenea-troubleshooting.md', 80 of 177.
Updating documents.
Applying settings to 'connectors.md', 81 of 177.
Applying settings to 'connectors.md', 81 of 177.
Updating documents.
Preparing 'connectors.md', 81 of 177.
Preparing 'connectors.md', 81 of 177.
Updating documents.
Applying settings to 'zeenea-dataset-detection.md', 82 of 177.
Applying settings to 'zeenea-dataset-detection.md', 82 of 177.
Updating documents.
Preparing 'zeenea-dataset-detection.md', 82 of 177.
Preparing 'zeenea-dataset-detection.md', 82 of 177.
Updating documents.
Applying settings to 'zeenea-connectors-list.md', 83 of 177.
Applying settings to 'zeenea-connectors-list.md', 83 of 177.
Updating documents.
Preparing 'zeenea-connectors-list.md', 83 of 177.
Preparing 'zeenea-connectors-list.md', 83 of 177.
Updating documents.
Applying settings to 'zeenea-connectors-install-as-plugin.md', 84 of 177.
Applying settings to 'zeenea-connectors-install-as-plugin.md', 84 of 177.
Updating documents.
Preparing 'zeenea-connectors-install-as-plugin.md', 84 of 177.
Preparing 'zeenea-connectors-install-as-plugin.md', 84 of 177.
Updating documents.
Applying settings to 'zeenea-externalizing-external-connectors.md', 85 of 177.
Applying settings to 'zeenea-externalizing-external-connectors.md', 85 of 177.
Updating documents.
Preparing 'zeenea-externalizing-external-connectors.md', 85 of 177.
Preparing 'zeenea-externalizing-external-connectors.md', 85 of 177.
Updating documents.
Applying settings to 'zeenea-connector-actian-informix.md', 86 of 177.
Applying settings to 'zeenea-connector-actian-informix.md', 86 of 177.
Updating documents.
Preparing 'zeenea-connector-actian-informix.md', 86 of 177.
Preparing 'zeenea-connector-actian-informix.md', 86 of 177.
Updating documents.
Applying settings to 'zeenea-connector-actian-ingres.md', 87 of 177.
Applying settings to 'zeenea-connector-actian-ingres.md', 87 of 177.
Updating documents.
Preparing 'zeenea-connector-actian-ingres.md', 87 of 177.
Preparing 'zeenea-connector-actian-ingres.md', 87 of 177.
Updating documents.
Applying settings to 'zeenea-connector-actian-zen.md', 88 of 177.
Applying settings to 'zeenea-connector-actian-zen.md', 88 of 177.
Updating documents.
Preparing 'zeenea-connector-actian-zen.md', 88 of 177.
Preparing 'zeenea-connector-actian-zen.md', 88 of 177.
Updating documents.
Applying settings to 'zeenea-connector-agile-data-engine-solita.md', 89 of 177.
Applying settings to 'zeenea-connector-agile-data-engine-solita.md', 89 of 177.
Updating documents.
Preparing 'zeenea-connector-agile-data-engine-solita.md', 89 of 177.
Preparing 'zeenea-connector-agile-data-engine-solita.md', 89 of 177.
Updating documents.
Applying settings to 'zeenea-connector-aliyun-dataworks-maxcompute.md', 90 of 177.
Applying settings to 'zeenea-connector-aliyun-dataworks-maxcompute.md', 90 of 177.
Updating documents.
Preparing 'zeenea-connector-aliyun-dataworks-maxcompute.md', 90 of 177.
Preparing 'zeenea-connector-aliyun-dataworks-maxcompute.md', 90 of 177.
Updating documents.
Applying settings to 'zeenea-connector-amazonS3.md', 91 of 177.
Applying settings to 'zeenea-connector-amazonS3.md', 91 of 177.
Updating documents.
Preparing 'zeenea-connector-amazonS3.md', 91 of 177.
Preparing 'zeenea-connector-amazonS3.md', 91 of 177.
Updating documents.
Applying settings to 'zeenea-connector-atlas.md', 92 of 177.
Applying settings to 'zeenea-connector-atlas.md', 92 of 177.
Updating documents.
Preparing 'zeenea-connector-atlas.md', 92 of 177.
Preparing 'zeenea-connector-atlas.md', 92 of 177.
Updating documents.
Applying settings to 'zeenea-connector-aws-athena.md', 93 of 177.
Applying settings to 'zeenea-connector-aws-athena.md', 93 of 177.
Updating documents.
Preparing 'zeenea-connector-aws-athena.md', 93 of 177.
Preparing 'zeenea-connector-aws-athena.md', 93 of 177.
Updating documents.
Applying settings to 'zeenea-connector-aws-dynamodb.md', 94 of 177.
Applying settings to 'zeenea-connector-aws-dynamodb.md', 94 of 177.
Updating documents.
Preparing 'zeenea-connector-aws-dynamodb.md', 94 of 177.
Preparing 'zeenea-connector-aws-dynamodb.md', 94 of 177.
Updating documents.
Applying settings to 'zeenea-connector-aws-glue-data-catalog.md', 95 of 177.
Applying settings to 'zeenea-connector-aws-glue-data-catalog.md', 95 of 177.
Updating documents.
Preparing 'zeenea-connector-aws-glue-data-catalog.md', 95 of 177.
Preparing 'zeenea-connector-aws-glue-data-catalog.md', 95 of 177.
Updating documents.
Applying settings to 'zeenea-connector-aws-glue-etl.md', 96 of 177.
Applying settings to 'zeenea-connector-aws-glue-etl.md', 96 of 177.
Updating documents.
Preparing 'zeenea-connector-aws-glue-etl.md', 96 of 177.
Preparing 'zeenea-connector-aws-glue-etl.md', 96 of 177.
Updating documents.
Applying settings to 'zeenea-connector-aws-redshift.md', 97 of 177.
Applying settings to 'zeenea-connector-aws-redshift.md', 97 of 177.
Updating documents.
Preparing 'zeenea-connector-aws-redshift.md', 97 of 177.
Preparing 'zeenea-connector-aws-redshift.md', 97 of 177.
Updating documents.
Applying settings to 'zeenea-connector-azure-data-factory.md', 98 of 177.
Applying settings to 'zeenea-connector-azure-data-factory.md', 98 of 177.
Updating documents.
Preparing 'zeenea-connector-azure-data-factory.md', 98 of 177.
Preparing 'zeenea-connector-azure-data-factory.md', 98 of 177.
Updating documents.
Applying settings to 'zeenea-connector-azure-data-lake.md', 99 of 177.
Applying settings to 'zeenea-connector-azure-data-lake.md', 99 of 177.
Updating documents.
Preparing 'zeenea-connector-azure-data-lake.md', 99 of 177.
Preparing 'zeenea-connector-azure-data-lake.md', 99 of 177.
Updating documents.
Applying settings to 'zeenea-connector-azure-purview.md', 100 of 177.
Applying settings to 'zeenea-connector-azure-purview.md', 100 of 177.
Updating documents.
Preparing 'zeenea-connector-azure-purview.md', 100 of 177.
Preparing 'zeenea-connector-azure-purview.md', 100 of 177.
Updating documents.
Applying settings to 'zeenea-connector-azure-synapse.md', 101 of 177.
Applying settings to 'zeenea-connector-azure-synapse.md', 101 of 177.
Updating documents.
Preparing 'zeenea-connector-azure-synapse.md', 101 of 177.
Preparing 'zeenea-connector-azure-synapse.md', 101 of 177.
Updating documents.
Applying settings to 'zeenea-connector-cassandra.md', 102 of 177.
Applying settings to 'zeenea-connector-cassandra.md', 102 of 177.
Updating documents.
Preparing 'zeenea-connector-cassandra.md', 102 of 177.
Preparing 'zeenea-connector-cassandra.md', 102 of 177.
Updating documents.
Applying settings to 'zeenea-connector-couchbase.md', 103 of 177.
Applying settings to 'zeenea-connector-couchbase.md', 103 of 177.
Updating documents.
Preparing 'zeenea-connector-couchbase.md', 103 of 177.
Preparing 'zeenea-connector-couchbase.md', 103 of 177.
Updating documents.
Applying settings to 'zeenea-connector-custom-items-csv.md', 104 of 177.
Applying settings to 'zeenea-connector-custom-items-csv.md', 104 of 177.
Updating documents.
Preparing 'zeenea-connector-custom-items-csv.md', 104 of 177.
Preparing 'zeenea-connector-custom-items-csv.md', 104 of 177.
Updating documents.
Applying settings to 'zeenea-connector-databricks-hive-metastore.md', 105 of 177.
Applying settings to 'zeenea-connector-databricks-hive-metastore.md', 105 of 177.
Updating documents.
Preparing 'zeenea-connector-databricks-hive-metastore.md', 105 of 177.
Preparing 'zeenea-connector-databricks-hive-metastore.md', 105 of 177.
Updating documents.
Applying settings to 'zeenea-connector-databricks-unity-rest.md', 106 of 177.
Applying settings to 'zeenea-connector-databricks-unity-rest.md', 106 of 177.
Updating documents.
Preparing 'zeenea-connector-databricks-unity-rest.md', 106 of 177.
Preparing 'zeenea-connector-databricks-unity-rest.md', 106 of 177.
Updating documents.
Applying settings to 'zeenea-connector-databricks-unity-jdbc.md', 107 of 177.
Applying settings to 'zeenea-connector-databricks-unity-jdbc.md', 107 of 177.
Updating documents.
Preparing 'zeenea-connector-databricks-unity-jdbc.md', 107 of 177.
Preparing 'zeenea-connector-databricks-unity-jdbc.md', 107 of 177.
Updating documents.
Applying settings to 'zeenea-connector-dataiku.md', 108 of 177.
Applying settings to 'zeenea-connector-dataiku.md', 108 of 177.
Updating documents.
Preparing 'zeenea-connector-dataiku.md', 108 of 177.
Preparing 'zeenea-connector-dataiku.md', 108 of 177.
Updating documents.
Applying settings to 'zeenea-connector-db2.md', 109 of 177.
Applying settings to 'zeenea-connector-db2.md', 109 of 177.
Updating documents.
Preparing 'zeenea-connector-db2.md', 109 of 177.
Preparing 'zeenea-connector-db2.md', 109 of 177.
Updating documents.
Applying settings to 'zeenea-connector-dbt.md', 110 of 177.
Applying settings to 'zeenea-connector-dbt.md', 110 of 177.
Updating documents.
Preparing 'zeenea-connector-dbt.md', 110 of 177.
Preparing 'zeenea-connector-dbt.md', 110 of 177.
Updating documents.
Applying settings to 'zeenea-connector-denodo.md', 111 of 177.
Applying settings to 'zeenea-connector-denodo.md', 111 of 177.
Updating documents.
Preparing 'zeenea-connector-denodo.md', 111 of 177.
Preparing 'zeenea-connector-denodo.md', 111 of 177.
Updating documents.
Applying settings to 'zeenea-connector-dynamics365.md', 112 of 177.
Applying settings to 'zeenea-connector-dynamics365.md', 112 of 177.
Updating documents.
Preparing 'zeenea-connector-dynamics365.md', 112 of 177.
Preparing 'zeenea-connector-dynamics365.md', 112 of 177.
Updating documents.
Applying settings to 'zeenea-connector-elasticsearch.md', 113 of 177.
Applying settings to 'zeenea-connector-elasticsearch.md', 113 of 177.
Updating documents.
Preparing 'zeenea-connector-elasticsearch.md', 113 of 177.
Preparing 'zeenea-connector-elasticsearch.md', 113 of 177.
Updating documents.
Applying settings to 'zeenea-connector-generic-dataset.md', 114 of 177.
Applying settings to 'zeenea-connector-generic-dataset.md', 114 of 177.
Updating documents.
Preparing 'zeenea-connector-generic-dataset.md', 114 of 177.
Preparing 'zeenea-connector-generic-dataset.md', 114 of 177.
Updating documents.
Applying settings to 'zeenea-connector-generic-jdbc.md', 115 of 177.
Applying settings to 'zeenea-connector-generic-jdbc.md', 115 of 177.
Updating documents.
Preparing 'zeenea-connector-generic-jdbc.md', 115 of 177.
Preparing 'zeenea-connector-generic-jdbc.md', 115 of 177.
Updating documents.
Applying settings to 'zeenea-connector-generic-lineage.md', 116 of 177.
Applying settings to 'zeenea-connector-generic-lineage.md', 116 of 177.
Updating documents.
Preparing 'zeenea-connector-generic-lineage.md', 116 of 177.
Preparing 'zeenea-connector-generic-lineage.md', 116 of 177.
Updating documents.
Applying settings to 'zeenea-connector-google-bigquery.md', 117 of 177.
Applying settings to 'zeenea-connector-google-bigquery.md', 117 of 177.
Updating documents.
Preparing 'zeenea-connector-google-bigquery.md', 117 of 177.
Preparing 'zeenea-connector-google-bigquery.md', 117 of 177.
Updating documents.
Applying settings to 'zeenea-connector-google-cloud-storage.md', 118 of 177.
Applying settings to 'zeenea-connector-google-cloud-storage.md', 118 of 177.
Updating documents.
Preparing 'zeenea-connector-google-cloud-storage.md', 118 of 177.
Preparing 'zeenea-connector-google-cloud-storage.md', 118 of 177.
Updating documents.
Applying settings to 'zeenea-connector-google-data-catalog.md', 119 of 177.
Applying settings to 'zeenea-connector-google-data-catalog.md', 119 of 177.
Updating documents.
Preparing 'zeenea-connector-google-data-catalog.md', 119 of 177.
Preparing 'zeenea-connector-google-data-catalog.md', 119 of 177.
Updating documents.
Applying settings to 'zeenea-connector-google-data-lineage.md', 120 of 177.
Applying settings to 'zeenea-connector-google-data-lineage.md', 120 of 177.
Updating documents.
Preparing 'zeenea-connector-google-data-lineage.md', 120 of 177.
Preparing 'zeenea-connector-google-data-lineage.md', 120 of 177.
Updating documents.
Applying settings to 'zeenea-connector-google-dataplex.md', 121 of 177.
Applying settings to 'zeenea-connector-google-dataplex.md', 121 of 177.
Updating documents.
Preparing 'zeenea-connector-google-dataplex.md', 121 of 177.
Preparing 'zeenea-connector-google-dataplex.md', 121 of 177.
Updating documents.
Applying settings to 'zeenea-connector-greenplum.md', 122 of 177.
Applying settings to 'zeenea-connector-greenplum.md', 122 of 177.
Updating documents.
Preparing 'zeenea-connector-greenplum.md', 122 of 177.
Preparing 'zeenea-connector-greenplum.md', 122 of 177.
Updating documents.
Applying settings to 'zeenea-connector-hdfs.md', 123 of 177.
Applying settings to 'zeenea-connector-hdfs.md', 123 of 177.
Updating documents.
Preparing 'zeenea-connector-hdfs.md', 123 of 177.
Preparing 'zeenea-connector-hdfs.md', 123 of 177.
Updating documents.
Applying settings to 'zeenea-connector-hive.md', 124 of 177.
Applying settings to 'zeenea-connector-hive.md', 124 of 177.
Updating documents.
Preparing 'zeenea-connector-hive.md', 124 of 177.
Preparing 'zeenea-connector-hive.md', 124 of 177.
Updating documents.
Applying settings to 'zeenea-connector-impala.md', 125 of 177.
Applying settings to 'zeenea-connector-impala.md', 125 of 177.
Updating documents.
Preparing 'zeenea-connector-impala.md', 125 of 177.
Preparing 'zeenea-connector-impala.md', 125 of 177.
Updating documents.
Applying settings to 'zeenea-connector-influxdb.md', 126 of 177.
Applying settings to 'zeenea-connector-influxdb.md', 126 of 177.
Updating documents.
Preparing 'zeenea-connector-influxdb.md', 126 of 177.
Preparing 'zeenea-connector-influxdb.md', 126 of 177.
Updating documents.
Applying settings to 'zeenea-connector-informatica.md', 127 of 177.
Applying settings to 'zeenea-connector-informatica.md', 127 of 177.
Updating documents.
Preparing 'zeenea-connector-informatica.md', 127 of 177.
Preparing 'zeenea-connector-informatica.md', 127 of 177.
Updating documents.
Applying settings to 'zeenea-connector-kafka.md', 128 of 177.
Applying settings to 'zeenea-connector-kafka.md', 128 of 177.
Updating documents.
Preparing 'zeenea-connector-kafka.md', 128 of 177.
Preparing 'zeenea-connector-kafka.md', 128 of 177.
Updating documents.
Applying settings to 'zeenea-connector-local-filesystem.md', 129 of 177.
Applying settings to 'zeenea-connector-local-filesystem.md', 129 of 177.
Updating documents.
Preparing 'zeenea-connector-local-filesystem.md', 129 of 177.
Preparing 'zeenea-connector-local-filesystem.md', 129 of 177.
Updating documents.
Applying settings to 'zeenea-connector-looker.md', 130 of 177.
Applying settings to 'zeenea-connector-looker.md', 130 of 177.
Updating documents.
Preparing 'zeenea-connector-looker.md', 130 of 177.
Preparing 'zeenea-connector-looker.md', 130 of 177.
Updating documents.
Applying settings to 'zeenea-connector-mariadb.md', 131 of 177.
Applying settings to 'zeenea-connector-mariadb.md', 131 of 177.
Updating documents.
Preparing 'zeenea-connector-mariadb.md', 131 of 177.
Preparing 'zeenea-connector-mariadb.md', 131 of 177.
Updating documents.
Applying settings to 'zeenea-connector-matillion.md', 132 of 177.
Applying settings to 'zeenea-connector-matillion.md', 132 of 177.
Updating documents.
Preparing 'zeenea-connector-matillion.md', 132 of 177.
Preparing 'zeenea-connector-matillion.md', 132 of 177.
Updating documents.
Applying settings to 'zeenea-connector-microstrategy.md', 133 of 177.
Applying settings to 'zeenea-connector-microstrategy.md', 133 of 177.
Updating documents.
Preparing 'zeenea-connector-microstrategy.md', 133 of 177.
Preparing 'zeenea-connector-microstrategy.md', 133 of 177.
Updating documents.
Applying settings to 'zeenea-connector-mongodb.md', 134 of 177.
Applying settings to 'zeenea-connector-mongodb.md', 134 of 177.
Updating documents.
Preparing 'zeenea-connector-mongodb.md', 134 of 177.
Preparing 'zeenea-connector-mongodb.md', 134 of 177.
Updating documents.
Applying settings to 'zeenea-connector-mysql.md', 135 of 177.
Applying settings to 'zeenea-connector-mysql.md', 135 of 177.
Updating documents.
Preparing 'zeenea-connector-mysql.md', 135 of 177.
Preparing 'zeenea-connector-mysql.md', 135 of 177.
Updating documents.
Applying settings to 'zeenea-connector-netezza.md', 136 of 177.
Applying settings to 'zeenea-connector-netezza.md', 136 of 177.
Updating documents.
Preparing 'zeenea-connector-netezza.md', 136 of 177.
Preparing 'zeenea-connector-netezza.md', 136 of 177.
Updating documents.
Applying settings to 'zeenea-connector-openapi.md', 137 of 177.
Applying settings to 'zeenea-connector-openapi.md', 137 of 177.
Updating documents.
Preparing 'zeenea-connector-openapi.md', 137 of 177.
Preparing 'zeenea-connector-openapi.md', 137 of 177.
Updating documents.
Applying settings to 'zeenea-connector-oracle.md', 138 of 177.
Applying settings to 'zeenea-connector-oracle.md', 138 of 177.
Updating documents.
Preparing 'zeenea-connector-oracle.md', 138 of 177.
Preparing 'zeenea-connector-oracle.md', 138 of 177.
Updating documents.
Applying settings to 'zeenea-connector-oracle-jd-edwards.md', 139 of 177.
Applying settings to 'zeenea-connector-oracle-jd-edwards.md', 139 of 177.
Updating documents.
Preparing 'zeenea-connector-oracle-jd-edwards.md', 139 of 177.
Preparing 'zeenea-connector-oracle-jd-edwards.md', 139 of 177.
Updating documents.
Applying settings to 'zeenea-connector-oracle-peoplesoft.md', 140 of 177.
Applying settings to 'zeenea-connector-oracle-peoplesoft.md', 140 of 177.
Updating documents.
Preparing 'zeenea-connector-oracle-peoplesoft.md', 140 of 177.
Preparing 'zeenea-connector-oracle-peoplesoft.md', 140 of 177.
Updating documents.
Applying settings to 'zeenea-connector-oracle-siebel.md', 141 of 177.
Applying settings to 'zeenea-connector-oracle-siebel.md', 141 of 177.
Updating documents.
Preparing 'zeenea-connector-oracle-siebel.md', 141 of 177.
Preparing 'zeenea-connector-oracle-siebel.md', 141 of 177.
Updating documents.
Applying settings to 'zeenea-connector-palantir.md', 142 of 177.
Applying settings to 'zeenea-connector-palantir.md', 142 of 177.
Updating documents.
Preparing 'zeenea-connector-palantir.md', 142 of 177.
Preparing 'zeenea-connector-palantir.md', 142 of 177.
Updating documents.
Applying settings to 'zeenea-connector-postgresql.md', 143 of 177.
Applying settings to 'zeenea-connector-postgresql.md', 143 of 177.
Updating documents.
Preparing 'zeenea-connector-postgresql.md', 143 of 177.
Preparing 'zeenea-connector-postgresql.md', 143 of 177.
Updating documents.
Applying settings to 'zeenea-connector-powerbi-report-server.md', 144 of 177.
Applying settings to 'zeenea-connector-powerbi-report-server.md', 144 of 177.
Updating documents.
Preparing 'zeenea-connector-powerbi-report-server.md', 144 of 177.
Preparing 'zeenea-connector-powerbi-report-server.md', 144 of 177.
Updating documents.
Applying settings to 'zeenea-connector-powerbi-saas.md', 145 of 177.
Applying settings to 'zeenea-connector-powerbi-saas.md', 145 of 177.
Updating documents.
Preparing 'zeenea-connector-powerbi-saas.md', 145 of 177.
Preparing 'zeenea-connector-powerbi-saas.md', 145 of 177.
Updating documents.
Applying settings to 'zeenea-connector-qlik-cloud.md', 146 of 177.
Applying settings to 'zeenea-connector-qlik-cloud.md', 146 of 177.
Updating documents.
Preparing 'zeenea-connector-qlik-cloud.md', 146 of 177.
Preparing 'zeenea-connector-qlik-cloud.md', 146 of 177.
Updating documents.
Applying settings to 'zeenea-connector-qlik-sense.md', 147 of 177.
Applying settings to 'zeenea-connector-qlik-sense.md', 147 of 177.
Updating documents.
Preparing 'zeenea-connector-qlik-sense.md', 147 of 177.
Preparing 'zeenea-connector-qlik-sense.md', 147 of 177.
Updating documents.
Applying settings to 'zeenea-connector-salesforce.md', 148 of 177.
Applying settings to 'zeenea-connector-salesforce.md', 148 of 177.
Updating documents.
Preparing 'zeenea-connector-salesforce.md', 148 of 177.
Preparing 'zeenea-connector-salesforce.md', 148 of 177.
Updating documents.
Applying settings to 'zeenea-connector-sap-analytics-cloud.md', 149 of 177.
Applying settings to 'zeenea-connector-sap-analytics-cloud.md', 149 of 177.
Updating documents.
Preparing 'zeenea-connector-sap-analytics-cloud.md', 149 of 177.
Preparing 'zeenea-connector-sap-analytics-cloud.md', 149 of 177.
Updating documents.
Applying settings to 'zeenea-connector-sap-bo.md', 150 of 177.
Applying settings to 'zeenea-connector-sap-bo.md', 150 of 177.
Updating documents.
Preparing 'zeenea-connector-sap-bo.md', 150 of 177.
Preparing 'zeenea-connector-sap-bo.md', 150 of 177.
Updating documents.
Applying settings to 'zeenea-connector-sap-bw-safyr.md', 151 of 177.
Applying settings to 'zeenea-connector-sap-bw-safyr.md', 151 of 177.
Updating documents.
Preparing 'zeenea-connector-sap-bw-safyr.md', 151 of 177.
Preparing 'zeenea-connector-sap-bw-safyr.md', 151 of 177.
Updating documents.
Applying settings to 'zeenea-connector-sap-safyr.md', 152 of 177.
Applying settings to 'zeenea-connector-sap-safyr.md', 152 of 177.
Updating documents.
Preparing 'zeenea-connector-sap-safyr.md', 152 of 177.
Preparing 'zeenea-connector-sap-safyr.md', 152 of 177.
Updating documents.
Applying settings to 'zeenea-connector-sas-data-integration.md', 153 of 177.
Applying settings to 'zeenea-connector-sas-data-integration.md', 153 of 177.
Updating documents.
Preparing 'zeenea-connector-sas-data-integration.md', 153 of 177.
Preparing 'zeenea-connector-sas-data-integration.md', 153 of 177.
Updating documents.
Applying settings to 'zeenea-connector-sas-db.md', 154 of 177.
Applying settings to 'zeenea-connector-sas-db.md', 154 of 177.
Updating documents.
Preparing 'zeenea-connector-sas-db.md', 154 of 177.
Preparing 'zeenea-connector-sas-db.md', 154 of 177.
Updating documents.
Applying settings to 'zeenea-connector-snowflake.md', 155 of 177.
Applying settings to 'zeenea-connector-snowflake.md', 155 of 177.
Updating documents.
Preparing 'zeenea-connector-snowflake.md', 155 of 177.
Preparing 'zeenea-connector-snowflake.md', 155 of 177.
Updating documents.
Applying settings to 'zeenea-connector-splunk.md', 156 of 177.
Applying settings to 'zeenea-connector-splunk.md', 156 of 177.
Updating documents.
Preparing 'zeenea-connector-splunk.md', 156 of 177.
Preparing 'zeenea-connector-splunk.md', 156 of 177.
Updating documents.
Applying settings to 'zeenea-connector-sqlserver.md', 157 of 177.
Applying settings to 'zeenea-connector-sqlserver.md', 157 of 177.
Updating documents.
Preparing 'zeenea-connector-sqlserver.md', 157 of 177.
Preparing 'zeenea-connector-sqlserver.md', 157 of 177.
Updating documents.
Applying settings to 'zeenea-connector-ssis.md', 158 of 177.
Applying settings to 'zeenea-connector-ssis.md', 158 of 177.
Updating documents.
Preparing 'zeenea-connector-ssis.md', 158 of 177.
Preparing 'zeenea-connector-ssis.md', 158 of 177.
Updating documents.
Applying settings to 'zeenea-connector-ssrs.md', 159 of 177.
Applying settings to 'zeenea-connector-ssrs.md', 159 of 177.
Updating documents.
Preparing 'zeenea-connector-ssrs.md', 159 of 177.
Preparing 'zeenea-connector-ssrs.md', 159 of 177.
Updating documents.
Applying settings to 'zeenea-connector-sybase-iq.md', 160 of 177.
Applying settings to 'zeenea-connector-sybase-iq.md', 160 of 177.
Updating documents.
Preparing 'zeenea-connector-sybase-iq.md', 160 of 177.
Preparing 'zeenea-connector-sybase-iq.md', 160 of 177.
Updating documents.
Applying settings to 'zeenea-connector-tableau.md', 161 of 177.
Applying settings to 'zeenea-connector-tableau.md', 161 of 177.
Updating documents.
Preparing 'zeenea-connector-tableau.md', 161 of 177.
Preparing 'zeenea-connector-tableau.md', 161 of 177.
Updating documents.
Applying settings to 'zeenea-connector-talend.md', 162 of 177.
Applying settings to 'zeenea-connector-talend.md', 162 of 177.
Updating documents.
Preparing 'zeenea-connector-talend.md', 162 of 177.
Preparing 'zeenea-connector-talend.md', 162 of 177.
Updating documents.
Applying settings to 'zeenea-connector-teradata.md', 163 of 177.
Applying settings to 'zeenea-connector-teradata.md', 163 of 177.
Updating documents.
Preparing 'zeenea-connector-teradata.md', 163 of 177.
Preparing 'zeenea-connector-teradata.md', 163 of 177.
Updating documents.
Applying settings to 'zeenea-connector-tibco-data-virtualization.md', 164 of 177.
Applying settings to 'zeenea-connector-tibco-data-virtualization.md', 164 of 177.
Updating documents.
Preparing 'zeenea-connector-tibco-data-virtualization.md', 164 of 177.
Preparing 'zeenea-connector-tibco-data-virtualization.md', 164 of 177.
Updating documents.
Applying settings to 'zeenea-connector-tibco-spotfire.md', 165 of 177.
Applying settings to 'zeenea-connector-tibco-spotfire.md', 165 of 177.
Updating documents.
Preparing 'zeenea-connector-tibco-spotfire.md', 165 of 177.
Preparing 'zeenea-connector-tibco-spotfire.md', 165 of 177.
Updating documents.
Applying settings to 'zeenea-connector-zdf.md', 166 of 177.
Applying settings to 'zeenea-connector-zdf.md', 166 of 177.
Updating documents.
Preparing 'zeenea-connector-zdf.md', 166 of 177.
Preparing 'zeenea-connector-zdf.md', 166 of 177.
Updating documents.
Applying settings to 'authentication.md', 167 of 177.
Applying settings to 'authentication.md', 167 of 177.
Updating documents.
Preparing 'authentication.md', 167 of 177.
Preparing 'authentication.md', 167 of 177.
Updating documents.
Applying settings to 'zeenea-auth0-integration.md', 168 of 177.
Applying settings to 'zeenea-auth0-integration.md', 168 of 177.
Updating documents.
Preparing 'zeenea-auth0-integration.md', 168 of 177.
Preparing 'zeenea-auth0-integration.md', 168 of 177.
Updating documents.
Applying settings to 'api.md', 169 of 177.
Applying settings to 'api.md', 169 of 177.
Updating documents.
Preparing 'api.md', 169 of 177.
Preparing 'api.md', 169 of 177.
Updating documents.
Applying settings to 'zeenea-public-apis.md', 170 of 177.
Applying settings to 'zeenea-public-apis.md', 170 of 177.
Updating documents.
Preparing 'zeenea-public-apis.md', 170 of 177.
Preparing 'zeenea-public-apis.md', 170 of 177.
Updating documents.
Applying settings to 'zeenea-api-lifecycle.md', 171 of 177.
Applying settings to 'zeenea-api-lifecycle.md', 171 of 177.
Updating documents.
Preparing 'zeenea-api-lifecycle.md', 171 of 177.
Preparing 'zeenea-api-lifecycle.md', 171 of 177.
Updating documents.
Applying settings to 'zeenea-catalog-api-v1.md', 172 of 177.
Applying settings to 'zeenea-catalog-api-v1.md', 172 of 177.
Updating documents.
Preparing 'zeenea-catalog-api-v1.md', 172 of 177.
Preparing 'zeenea-catalog-api-v1.md', 172 of 177.
Updating documents.
Applying settings to 'zeenea-catalog-design-api.md', 173 of 177.
Applying settings to 'zeenea-catalog-design-api.md', 173 of 177.
Updating documents.
Preparing 'zeenea-catalog-design-api.md', 173 of 177.
Preparing 'zeenea-catalog-design-api.md', 173 of 177.
Updating documents.
Applying settings to 'zeenea-audit-trail-apis.md', 174 of 177.
Applying settings to 'zeenea-audit-trail-apis.md', 174 of 177.
Updating documents.
Preparing 'zeenea-audit-trail-apis.md', 174 of 177.
Preparing 'zeenea-audit-trail-apis.md', 174 of 177.
Updating documents.
Applying settings to 'zeenea-scim-api.md', 175 of 177.
Applying settings to 'zeenea-scim-api.md', 175 of 177.
Updating documents.
Preparing 'zeenea-scim-api.md', 175 of 177.
Preparing 'zeenea-scim-api.md', 175 of 177.
Updating documents.
Applying settings to 'zeenea-user-management-api.md', 176 of 177.
Applying settings to 'zeenea-user-management-api.md', 176 of 177.
Updating documents.
Preparing 'zeenea-user-management-api.md', 176 of 177.
Preparing 'zeenea-user-management-api.md', 176 of 177.
Updating documents.
Applying settings to 'zeenea-security-flaws-management.md', 177 of 177.
Applying settings to 'zeenea-security-flaws-management.md', 177 of 177.
Updating documents.
Preparing 'zeenea-security-flaws-management.md', 177 of 177.
Preparing 'zeenea-security-flaws-management.md', 177 of 177.
Updating documents.
Document conversion in progress...
Generating output
Generating output
Processing pipeline 'Locale', 1 of 33.
Processing pipeline 'CompanyInfo', 2 of 33.
Processing pipeline 'CSS', 3 of 33.
Processing pipeline 'DocumentBehaviors', 4 of 33.
Processing pipeline 'DocumentSplits', 5 of 33.
Processing pipeline 'Behaviors', 6 of 33.
Processing pipeline 'Baggage', 7 of 33.
Processing pipeline 'ImageTypes', 8 of 33.
Processing pipeline 'SASS', 9 of 33.
Executing command 'C:\Program Files\WebWorks\ePublisher\2024.1\Helpers\python\python.exe' with arguments ' "C:\Program Files\WebWorks\ePublisher\2024.1\Helpers\python\WebWorks\compile_sass.py" "C:\Users\bpandey\AppData\Local\Temp\WebWorks\Temp.19016\connect.scss" "C:\Users\bpandey\AppData\Local\Temp\WebWorks\ePublisher\wETBnIgFvjv8cQ\Data\XYU8IzbZf-I\css\connect.css"'.
Executing command 'C:\Program Files\WebWorks\ePublisher\2024.1\Helpers\python\python.exe' with arguments ' "C:\Program Files\WebWorks\ePublisher\2024.1\Helpers\python\WebWorks\compile_sass.py" "C:\Users\bpandey\AppData\Local\Temp\WebWorks\Temp.19016\menu_initial_closed.scss" "C:\Users\bpandey\AppData\Local\Temp\WebWorks\ePublisher\wETBnIgFvjv8cQ\Data\XYU8IzbZf-I\css\menu_initial_closed.css"'.
Executing command 'C:\Program Files\WebWorks\ePublisher\2024.1\Helpers\python\python.exe' with arguments ' "C:\Program Files\WebWorks\ePublisher\2024.1\Helpers\python\WebWorks\compile_sass.py" "C:\Users\bpandey\AppData\Local\Temp\WebWorks\Temp.19016\menu_initial_open.scss" "C:\Users\bpandey\AppData\Local\Temp\WebWorks\ePublisher\wETBnIgFvjv8cQ\Data\XYU8IzbZf-I\css\menu_initial_open.css"'.
Executing command 'C:\Program Files\WebWorks\ePublisher\2024.1\Helpers\python\python.exe' with arguments ' "C:\Program Files\WebWorks\ePublisher\2024.1\Helpers\python\WebWorks\compile_sass.py" "C:\Users\bpandey\AppData\Local\Temp\WebWorks\Temp.19016\print.scss" "C:\Users\bpandey\AppData\Local\Temp\WebWorks\ePublisher\wETBnIgFvjv8cQ\Data\XYU8IzbZf-I\css\print.css"'.
Executing command 'C:\Program Files\WebWorks\ePublisher\2024.1\Helpers\python\python.exe' with arguments ' "C:\Program Files\WebWorks\ePublisher\2024.1\Helpers\python\WebWorks\compile_sass.py" "C:\Users\bpandey\AppData\Local\Temp\WebWorks\Temp.19016\search.scss" "C:\Users\bpandey\AppData\Local\Temp\WebWorks\ePublisher\wETBnIgFvjv8cQ\Data\XYU8IzbZf-I\css\search.css"'.
Executing command 'C:\Program Files\WebWorks\ePublisher\2024.1\Helpers\python\python.exe' with arguments ' "C:\Program Files\WebWorks\ePublisher\2024.1\Helpers\python\WebWorks\compile_sass.py" "C:\Users\bpandey\AppData\Local\Temp\WebWorks\Temp.19016\skin.scss" "C:\Users\bpandey\AppData\Local\Temp\WebWorks\ePublisher\wETBnIgFvjv8cQ\Data\XYU8IzbZf-I\css\skin.css"'.
Executing command 'C:\Program Files\WebWorks\ePublisher\2024.1\Helpers\python\python.exe' with arguments ' "C:\Program Files\WebWorks\ePublisher\2024.1\Helpers\python\WebWorks\compile_sass.py" "C:\Users\bpandey\AppData\Local\Temp\WebWorks\Temp.19016\social.scss" "C:\Users\bpandey\AppData\Local\Temp\WebWorks\ePublisher\wETBnIgFvjv8cQ\Data\XYU8IzbZf-I\css\social.css"'.
Executing command 'C:\Program Files\WebWorks\ePublisher\2024.1\Helpers\python\python.exe' with arguments ' "C:\Program Files\WebWorks\ePublisher\2024.1\Helpers\python\WebWorks\compile_sass.py" "C:\Users\bpandey\AppData\Local\Temp\WebWorks\Temp.19016\webworks.scss" "C:\Users\bpandey\AppData\Local\Temp\WebWorks\ePublisher\wETBnIgFvjv8cQ\Data\XYU8IzbZf-I\css\webworks.css"'.
Processing pipeline 'Splits', 10 of 33.
Processing pipeline 'Copy', 11 of 33.
[WARN] File 'C:\Users\bpandey\zeenea.doc\enus\source\Scanners\license@silwoodtechnology.com' does not exist.
[WARN] File 'C:\Users\bpandey\zeenea.doc\enus\source\Scanners\support@silwoodtechnology.com' does not exist.
Processing pipeline 'Segment', 12 of 33.
Processing pipeline 'Links', 13 of 33.
Processing pipeline 'Variables', 14 of 33.
Processing pipeline 'Splash', 15 of 33.
Processing pipeline 'NotFound', 16 of 33.
Processing pipeline 'TOC', 17 of 33.
Processing pipeline 'Index', 18 of 33.
Processing pipeline 'Styles', 19 of 33.
Processing pipeline 'Image', 20 of 33.
Processing pipeline 'PDF', 21 of 33.
Processing pipeline 'Page', 22 of 33.
Processing pipeline 'Connect', 23 of 33.
Processing pipeline 'Search', 24 of 33.
Processing pipeline 'URL-Maps', 25 of 33.
Processing pipeline 'Report-Styles', 26 of 33.
Report 'Report-Styles' for group 'Zeenea' contains 0 errors and 0 warnings.
Report 'Report-Styles' for group 'Getting Started' contains 0 errors and 0 warnings.
Report 'Report-Styles' for group 'Features & Applications' contains 0 errors and 0 warnings.
Report 'Report-Styles' for group 'Technical Documentation' contains 0 errors and 0 warnings.
Processing pipeline 'Report-Links', 27 of 33.
Report 'Report-Links' for group 'Zeenea' contains 0 errors and 0 warnings.
Report 'Report-Links' for group 'Getting Started' contains 0 errors and 0 warnings.
[WARN] Report 'Report-Links' for group 'Features & Applications' contains 0 errors and 2 warnings.
[WARN] Report 'Report-Links' for group 'Technical Documentation' contains 0 errors and 9 warnings.
Processing pipeline 'Report-Accessibility', 28 of 33.
Processing pipeline 'Report-Filenames', 29 of 33.
Report 'Report-Filenames' for group 'Zeenea' contains 0 errors and 0 warnings.
Report 'Report-Filenames' for group 'Getting Started' contains 0 errors and 0 warnings.
Report 'Report-Filenames' for group 'Features & Applications' contains 0 errors and 0 warnings.
Report 'Report-Filenames' for group 'Technical Documentation' contains 0 errors and 0 warnings.
Processing pipeline 'Report-Topics', 30 of 33.
Report 'Report-Topics' for group 'Zeenea' contains 0 errors and 0 warnings.
Report 'Report-Topics' for group 'Getting Started' contains 0 errors and 0 warnings.
Report 'Report-Topics' for group 'Features & Applications' contains 0 errors and 0 warnings.
Report 'Report-Topics' for group 'Technical Documentation' contains 0 errors and 0 warnings.
Processing pipeline 'Report-Images', 31 of 33.
Report 'Report-Images' for group 'Zeenea' contains 0 errors and 0 warnings.
Report 'Report-Images' for group 'Getting Started' contains 0 errors and 0 warnings.
Report 'Report-Images' for group 'Features & Applications' contains 0 errors and 0 warnings.
Report 'Report-Images' for group 'Technical Documentation' contains 0 errors and 0 warnings.
Processing pipeline 'Report-Conditions', 32 of 33.
Processing pipeline 'Report-Baggage-Files', 33 of 33.
Report 'Report-Baggage-Files' for group 'Zeenea' contains 0 errors and 0 warnings.
Report 'Report-Baggage-Files' for group 'Getting Started' contains 0 errors and 0 warnings.
Report 'Report-Baggage-Files' for group 'Features & Applications' contains 0 errors and 0 warnings.
Report 'Report-Baggage-Files' for group 'Technical Documentation' contains 0 errors and 0 warnings.
Document conversion in progress...
Generating output
Generating output
Document conversion in progress...
Generation finished at 12:04:12 PM, 2025-06-11.
Total time: 00:10:45.
